Determining if the pthread_create exist failed with the following output:
Change Dir: /home/a27stude/Documents/Clionprojects/Dojo2/cmake-build-debug/CMakeFiles/CMakeTmp

Run Build Command:"/usr/bin/make" "cmTC_cf7db/fast"
/usr/bin/make -f CMakeFiles/cmTC_cf7db.dir/build.make CMakeFiles/cmTC_cf7db.dir/build
make[1]: Entering directory '/home/a27stude/Documents/Clionprojects/Dojo2/cmake-build-debug/CMakeFiles/CMakeTmp'
Building C object CMakeFiles/cmTC_cf7db.dir/CheckSymbolExists.c.o
/usr/bin/cc    -o CMakeFiles/cmTC_cf7db.dir/CheckSymbolExists.c.o   -c /home/a27stude/Documents/Clionprojects/Dojo2/cmake-build-debug/CMakeFiles/CMakeTmp/CheckSymbolExists.c
Linking C executable cmTC_cf7db
/opt/clion-2018.3.4/bin/cmake/linux/bin/cmake -E cmake_link_script CMakeFiles/cmTC_cf7db.dir/link.txt --verbose=1
/usr/bin/cc      CMakeFiles/cmTC_cf7db.dir/CheckSymbolExists.c.o  -o cmTC_cf7db 
CMakeFiles/cmTC_cf7db.dir/CheckSymbolExists.c.o: In function `main':
CheckSymbolExists.c:(.text+0x1b): undefined reference to `pthread_create'
collect2: error: ld returned 1 exit status
CMakeFiles/cmTC_cf7db.dir/build.make:86: recipe for target 'cmTC_cf7db' failed
make[1]: *** [cmTC_cf7db] Error 1
make[1]: Leaving directory '/home/a27stude/Documents/Clionprojects/Dojo2/cmake-build-debug/CMakeFiles/CMakeTmp'
Makefile:121: recipe for target 'cmTC_cf7db/fast' failed
make: *** [cmTC_cf7db/fast] Error 2

File /home/a27stude/Documents/Clionprojects/Dojo2/cmake-build-debug/CMakeFiles/CMakeTmp/CheckSymbolExists.c:
/* */
#include <pthread.h>

int main(int argc, char** argv)
{
  (void)argv;
#ifndef pthread_create
  return ((int*)(&pthread_create))[argc];
#else
  (void)argc;
  return 0;
#endif
}

Determining if the function pthread_create exists in the pthreads failed with the following output:
Change Dir: /home/a27stude/Documents/Clionprojects/Dojo2/cmake-build-debug/CMakeFiles/CMakeTmp

Run Build Command:"/usr/bin/make" "cmTC_8f50e/fast"
/usr/bin/make -f CMakeFiles/cmTC_8f50e.dir/build.make CMakeFiles/cmTC_8f50e.dir/build
make[1]: Entering directory '/home/a27stude/Documents/Clionprojects/Dojo2/cmake-build-debug/CMakeFiles/CMakeTmp'
Building C object CMakeFiles/cmTC_8f50e.dir/CheckFunctionExists.c.o
/usr/bin/cc   -DCHECK_FUNCTION_EXISTS=pthread_create   -o CMakeFiles/cmTC_8f50e.dir/CheckFunctionExists.c.o   -c /opt/clion-2018.3.4/bin/cmake/linux/share/cmake-3.13/Modules/CheckFunctionExists.c
Linking C executable cmTC_8f50e
/opt/clion-2018.3.4/bin/cmake/linux/bin/cmake -E cmake_link_script CMakeFiles/cmTC_8f50e.dir/link.txt --verbose=1
/usr/bin/cc  -DCHECK_FUNCTION_EXISTS=pthread_create    CMakeFiles/cmTC_8f50e.dir/CheckFunctionExists.c.o  -o cmTC_8f50e -lpthreads 
/usr/bin/ld: cannot find -lpthreads
collect2: error: ld returned 1 exit status
CMakeFiles/cmTC_8f50e.dir/build.make:86: recipe for target 'cmTC_8f50e' failed
make[1]: *** [cmTC_8f50e] Error 1
make[1]: Leaving directory '/home/a27stude/Documents/Clionprojects/Dojo2/cmake-build-debug/CMakeFiles/CMakeTmp'
Makefile:121: recipe for target 'cmTC_8f50e/fast' failed
make: *** [cmTC_8f50e/fast] Error 2


